<?xml version="1.0" encoding="UTF-8"?>
<!-- Generated by org.testng.reporters.JUnitReportReporter -->
<testsuite hostname="MyDear-PC" name="com.orangehrm.org.test.TestOrgHrm" tests="1" failures="0" timestamp="23 Mar 2018 16:01:31 GMT" time="19.463" errors="0">
  <testcase name="RegressionSuite" time="19.463" classname="com.orangehrm.org.test.TestOrgHrm"/>
</testsuite> <!-- com.orangehrm.org.test.TestOrgHrm -->
