<?xml version="1.0" encoding="UTF-8"?>
<!-- Generated by org.testng.reporters.JUnitReportReporter -->
<testsuite hostname="MyDear-PC" name="com.orangehrm.org.test.TestOrangeHrm" tests="1" failures="0" timestamp="11 Feb 2017 02:03:50 GMT" time="17.327" errors="0">
  <testcase name="RegressionSuite" time="17.327" classname="com.orangehrm.org.test.TestOrangeHrm"/>
</testsuite> <!-- com.orangehrm.org.test.TestOrangeHrm -->
